<?xml version="1.0" encoding="UTF-8"?>
<testng-results skipped="0" failed="0" total="2" passed="2">
  <reporter-output>
  </reporter-output>
  <suite name="Suite" duration-ms="308878" started-at="2018-10-07T21:10:13Z" finished-at="2018-10-07T21:15:21Z">
    <groups>
      <group name="cucumber">
        <method signature="AbstractTestNGCucumberTests.feature(cucumber.api.testng.CucumberFeatureWrapper)[pri:0, instance:runner.RunCuke@e45f292]" name="feature" class="cucumber.api.testng.AbstractTestNGCucumberTests"/>
      </group> <!-- cucumber -->
    </groups>
    <test name="Test" duration-ms="308878" started-at="2018-10-07T21:10:13Z" finished-at="2018-10-07T21:15:21Z">
      <class name="runner.RunCuke">
        <test-method status="PASS" signature="setUpClass()[pri:0, instance:runner.RunCuke@e45f292]" name="setUpClass" is-config="true" duration-ms="269" started-at="2018-10-07T22:10:13Z" finished-at="2018-10-07T22:10:13Z">
          <reporter-output>
          </reporter-output>
        </test-method> <!-- setUpClass -->
        <test-method status="PASS" signature="setup()[pri:0, instance:runner.RunCuke@e45f292]" name="setup" is-config="true" duration-ms="242" started-at="2018-10-07T22:10:13Z" finished-at="2018-10-07T22:10:13Z">
          <reporter-output>
          </reporter-output>
        </test-method> <!-- setup -->
        <test-method status="PASS" signature="feature(cucumber.api.testng.CucumberFeatureWrapper)[pri:0, instance:runner.RunCuke@e45f292]" name="feature" duration-ms="33733" started-at="2018-10-07T22:10:13Z" description="Runs Cucumber Feature" data-provider="features" finished-at="2018-10-07T22:10:47Z">
          <params>
            <param index="0">
              <value>
                <![CDATA[Verify Autopopulate in search functionality]]>
              </value>
            </param>
          </params>
          <reporter-output>
          </reporter-output>
        </test-method> <!-- feature -->
        <test-method status="PASS" signature="feature(cucumber.api.testng.CucumberFeatureWrapper)[pri:0, instance:runner.RunCuke@e45f292]" name="feature" duration-ms="274429" started-at="2018-10-07T22:10:47Z" description="Runs Cucumber Feature" data-provider="features" finished-at="2018-10-07T22:15:21Z">
          <params>
            <param index="0">
              <value>
                <![CDATA[Television page test]]>
              </value>
            </param>
          </params>
          <reporter-output>
          </reporter-output>
        </test-method> <!-- feature -->
        <test-method status="PASS" signature="tearDownClass()[pri:0, instance:runner.RunCuke@e45f292]" name="tearDownClass" is-config="true" duration-ms="112" started-at="2018-10-07T22:15:21Z" finished-at="2018-10-07T22:15:21Z">
          <reporter-output>
          </reporter-output>
        </test-method> <!-- tearDownClass -->
      </class> <!-- runner.RunCuke -->
    </test> <!-- Test -->
  </suite> <!-- Suite -->
</testng-results>
